Starting systems-puzzle_db_1 ... done
Building flaskapp
Step 1/9 : FROM python:3
3: Pulling from library/python
4ae16bd47783: Pull complete
bbab4ec87ac4: Pull complete
2ea1f7804402: Pull complete
96465440c208: Pull complete
6ac892e64b94: Pull complete
5b3ec9e84adf: Pull complete
317202007d7c: Pull complete
ba1ee226143f: Pull complete
cba5f4ed3782: Pull complete
Digest: sha256:4432d65bd7da4693bb9365c3369ed5c7f0cb472195a294c54d1b766751098f7b
Status: Downloaded newer image for python:3
 ---> e497dabd8450
Step 2/9 : ENV PYTHONUNBUFFERED 1
 ---> Running in 5b7e973ce346
Removing intermediate container 5b7e973ce346
 ---> 6c3a51d2bfbe
Step 3/9 : RUN mkdir -p /opt/services/flaskapp/src
 ---> Running in fb452796c4af
Removing intermediate container fb452796c4af
 ---> bfd43771189f
Step 4/9 : COPY requirements.txt /opt/services/flaskapp/src/
 ---> 23e31954457f
Step 5/9 : WORKDIR /opt/services/flaskapp/src
 ---> Running in ca07319eb416
Removing intermediate container ca07319eb416
 ---> e8264ef5de7b
Step 6/9 : RUN pip install -r requirements.txt
 ---> Running in f4ddc2715e26
Collecting Flask (from -r requirements.txt (line 1))
  Downloading https://files.pythonhosted.org/packages/9b/93/628509b8d5dc749656a9641f4caf13540e2cdec85276964ff8f43bbb1d3b/Flask-1.1.1-py2.py3-none-any.whl (94kB)
Collecting psycopg2 (from -r requirements.txt (line 2))
  Downloading https://files.pythonhosted.org/packages/5c/1c/6997288da181277a0c29bc39a5f9143ff20b8c99f2a7d059cfb55163e165/psycopg2-2.8.3.tar.gz (377kB)
Collecting SQLAlchemy (from -r requirements.txt (line 3))
  Downloading https://files.pythonhosted.org/packages/c2/75/6217c626fa22ad56ae5ccb1a36e7c4f17f5ca31543887e00179468d10464/SQLAlchemy-1.3.7.tar.gz (5.9MB)
Collecting Flask-WTF (from -r requirements.txt (line 4))
  Downloading https://files.pythonhosted.org/packages/60/3a/58c629472d10539ae5167dc7c1fecfa95dd7d0b7864623931e3776438a24/Flask_WTF-0.14.2-py2.py3-none-any.whl
Collecting Jinja2>=2.10.1 (from Flask->-r requirements.txt (line 1))
  Downloading https://files.pythonhosted.org/packages/1d/e7/fd8b501e7a6dfe492a433deb7b9d833d39ca74916fa8bc63dd1a4947a671/Jinja2-2.10.1-py2.py3-none-any.whl (124kB)
Collecting Werkzeug>=0.15 (from Flask->-r requirements.txt (line 1))
  Downloading https://files.pythonhosted.org/packages/d1/ab/d3bed6b92042622d24decc7aadc8877badf18aeca1571045840ad4956d3f/Werkzeug-0.15.5-py2.py3-none-any.whl (328kB)
Collecting itsdangerous>=0.24 (from Flask->-r requirements.txt (line 1))
  Downloading https://files.pythonhosted.org/packages/76/ae/44b03b253d6fade317f32c24d100b3b35c2239807046a4c953c7b89fa49e/itsdangerous-1.1.0-py2.py3-none-any.whl
Collecting click>=5.1 (from Flask->-r requirements.txt (line 1))
  Downloading https://files.pythonhosted.org/packages/fa/37/45185cb5abbc30d7257104c434fe0b07e5a195a6847506c074527aa599ec/Click-7.0-py2.py3-none-any.whl (81kB)
Collecting WTForms (from Flask-WTF->-r requirements.txt (line 4))
  Downloading https://files.pythonhosted.org/packages/9f/c8/dac5dce9908df1d9d48ec0e26e2a250839fa36ea2c602cc4f85ccfeb5c65/WTForms-2.2.1-py2.py3-none-any.whl (166kB)
Collecting MarkupSafe>=0.23 (from Jinja2>=2.10.1->Flask->-r requirements.txt (line 1))
  Downloading https://files.pythonhosted.org/packages/98/7b/ff284bd8c80654e471b769062a9b43cc5d03e7a615048d96f4619df8d420/MarkupSafe-1.1.1-cp37-cp37m-manylinux1_x86_64.whl
Building wheels for collected packages: psycopg2, SQLAlchemy
  Building wheel for psycopg2 (setup.py): started
  Building wheel for psycopg2 (setup.py): finished with status 'done'
  Created wheel for psycopg2: filename=psycopg2-2.8.3-cp37-cp37m-linux_x86_64.whl size=465839 sha256=16cab81fac7a318fd85bdde4113699751f56a921c2267e7f90d570a9d032fce2
  Stored in directory: /root/.cache/pip/wheels/48/06/67/475967017d99b988421b87bf7ee5fad0dad789dc349561786b
  Building wheel for SQLAlchemy (setup.py): started
  Building wheel for SQLAlchemy (setup.py): finished with status 'done'
  Created wheel for SQLAlchemy: filename=SQLAlchemy-1.3.7-cp37-cp37m-linux_x86_64.whl size=1198175 sha256=0201c386e16c41a638837225ec08005ea974e92bdcd36e27b4122c1f7ec18f1f
  Stored in directory: /root/.cache/pip/wheels/80/e0/68/3d11cc7209b5bd2c7d55cbb56c6bda843cc82f77c8387468ea
Successfully built psycopg2 SQLAlchemy
Installing collected packages: MarkupSafe, Jinja2, Werkzeug, itsdangerous, click, Flask, psycopg2, SQLAlchemy, WTForms, Flask-WTF
Successfully installed Flask-1.1.1 Flask-WTF-0.14.2 Jinja2-2.10.1 MarkupSafe-1.1.1 SQLAlchemy-1.3.7 WTForms-2.2.1 Werkzeug-0.15.5 click-7.0 itsdangerous-1.1.0 psycopg2-2.8.3
WARNING: You are using pip version 19.2.2, however version 19.2.3 is available.
You should consider upgrading via the 'pip install --upgrade pip' command.
Removing intermediate container f4ddc2715e26
 ---> 59e3dd05897e
Step 7/9 : COPY . /opt/services/flaskapp/src
 ---> bc97c70ba7ee
Step 8/9 : EXPOSE 5001
 ---> Running in 67debdd96773
Removing intermediate container 67debdd96773
 ---> 0f9af947be6b
Step 9/9 : CMD ["python", "app.py"]
 ---> Running in b1155026bf45
Removing intermediate container b1155026bf45
 ---> 8a4a936e13c2
Successfully built 8a4a936e13c2
Successfully tagged systems-puzzle_flaskapp:latest
WARNING: Image for service flaskapp was built because it did not already exist. To rebuild this image you must use `docker-compose build` or `docker-compose up --build`.
